Processing file: /users/Etu2/3502282/Documents/s2/tal/discourseAnalysis/data/argumentative/messages-regarding-the-international-american-conference.txt.xml
Processing file: /users/Etu2/3502282/Documents/s2/tal/discourseAnalysis/data/argumentative/speech-4563.txt.xml
Processing file: /users/Etu2/3502282/Documents/s2/tal/discourseAnalysis/data/argumentative/second-state-of-the-union-address.txt.xml
Processing file: /users/Etu2/3502282/Documents/s2/tal/discourseAnalysis/data/argumentative/message-regarding-central-american-canal.txt.xml
Processing file: /users/Etu2/3502282/Documents/s2/tal/discourseAnalysis/data/argumentative/speech-3813.txt.xml
Processing file: /users/Etu2/3502282/Documents/s2/tal/discourseAnalysis/data/argumentative/message-regarding-compromise-with-texas.txt.xml
Processing file: /users/Etu2/3502282/Documents/s2/tal/discourseAnalysis/data/argumentative/speech-3444.txt.xml
Traceback (most recent call last):
  File "convert.py", line 27, in <module>
    main(rpath=sys.argv[1])
  File "convert.py", line 21, in main
    extract(fxml)
  File "convert.py", line 14, in extract
    writer(sentlist, fconll)
  File "/tmp/DPLP-master/preprocess/xmlreader.py", line 168, in writer
    line = str(sent.idx) + '\t' + str(token.idx) + '\t' + token.word + '\t' + token.lemma + '\t' + str(token.pos) + '\t' + str(token.deptype) + '\t' + str(token.headidx) + '\t' + str(token.nertype) + '\t' + str(token.partialparse) + '\n'
UnicodeEncodeError: 'ascii' codec can't encode character u'\u2014' in position 10: ordinal not in range(128)
Load model from: discoseg/pretrained/model.pickle.gz
Processing file: /users/Etu2/3502282/Documents/s2/tal/discourseAnalysis/data/argumentative/messages-regarding-the-international-american-conference.txt.conll
Processing file: /users/Etu2/3502282/Documents/s2/tal/discourseAnalysis/data/argumentative/speech-4563.txt.conll
Processing file: /users/Etu2/3502282/Documents/s2/tal/discourseAnalysis/data/argumentative/message-regarding-compromise-with-texas.txt.conll
Processing file: /users/Etu2/3502282/Documents/s2/tal/discourseAnalysis/data/argumentative/speech-3813.txt.conll
Processing file: /users/Etu2/3502282/Documents/s2/tal/discourseAnalysis/data/argumentative/second-state-of-the-union-address.txt.conll
Processing file: /users/Etu2/3502282/Documents/s2/tal/discourseAnalysis/data/argumentative/message-regarding-central-american-canal.txt.conll
Processing file: /users/Etu2/3502282/Documents/s2/tal/discourseAnalysis/data/argumentative/speech-3444.txt.conll
